#! /usr/bin/vvp
:ivl_version "12.0 (stable)";
:ivl_delay_selection "TYPICAL";
:vpi_time_precision + 0;
:vpi_module "/usr/lib/x86_64-linux-gnu/ivl/system.vpi";
:vpi_module "/usr/lib/x86_64-linux-gnu/ivl/vhdl_sys.vpi";
:vpi_module "/usr/lib/x86_64-linux-gnu/ivl/vhdl_textio.vpi";
:vpi_module "/usr/lib/x86_64-linux-gnu/ivl/v2005_math.vpi";
:vpi_module "/usr/lib/x86_64-linux-gnu/ivl/va_math.vpi";
S_0x56a56e673340 .scope module, "bench" "bench" 2 1;
 .timescale 0 0;
v0x56a56e684ca0_0 .var "CLK", 0 0;
v0x56a56e684d70_0 .net "NEXT_PC", 31 0, L_0x56a56e695060;  1 drivers
v0x56a56e684e60_0 .net "PC_OUT", 31 0, v0x56a56e684560_0;  1 drivers
v0x56a56e684f50_0 .var "RST_N", 0 0;
E_0x56a56e636ed0 .event posedge, v0x56a56e670fa0_0;
S_0x56a56e6734d0 .scope module, "count" "pc" 2 7, 3 3 0, S_0x56a56e673340;
 .timescale 0 0;
    .port_info 0 /INPUT 1 "clk";
    .port_info 1 /INPUT 1 "rst_n";
    .port_info 2 /INPUT 32 "pc_in";
    .port_info 3 /OUTPUT 32 "pc_out";
v0x56a56e670fa0_0 .net "clk", 0 0, v0x56a56e684ca0_0;  1 drivers
v0x56a56e684480_0 .net "pc_in", 31 0, L_0x56a56e695060;  alias, 1 drivers
v0x56a56e684560_0 .var "pc_out", 31 0;
v0x56a56e684650_0 .net "rst_n", 0 0, v0x56a56e684f50_0;  1 drivers
E_0x56a56e66f320/0 .event negedge, v0x56a56e684650_0;
E_0x56a56e66f320/1 .event posedge, v0x56a56e670fa0_0;
E_0x56a56e66f320 .event/or E_0x56a56e66f320/0, E_0x56a56e66f320/1;
S_0x56a56e6847c0 .scope module, "inc" "inc_pc" 2 14, 3 20 0, S_0x56a56e673340;
 .timescale 0 0;
    .port_info 0 /INPUT 32 "pc_in";
    .port_info 1 /OUTPUT 32 "pc_out";
L_0x7e1ef3ead018 .functor BUFT 1, C4<00000000000000000000000000000100>, C4<0>, C4<0>, C4<0>;
v0x56a56e6849c0_0 .net/2u *"_ivl_0", 31 0, L_0x7e1ef3ead018;  1 drivers
v0x56a56e684ac0_0 .net "pc_in", 31 0, v0x56a56e684560_0;  alias, 1 drivers
v0x56a56e684b80_0 .net "pc_out", 31 0, L_0x56a56e695060;  alias, 1 drivers
L_0x56a56e695060 .arith/sum 32, L_0x7e1ef3ead018, v0x56a56e684560_0;
    .scope S_0x56a56e6734d0;
T_0 ;
    %wait E_0x56a56e66f320;
    %load/vec4 v0x56a56e684650_0;
    %cmpi/e 0, 0, 1;
    %jmp/0xz  T_0.0, 4;
    %pushi/vec4 0, 0, 32;
    %assign/vec4 v0x56a56e684560_0, 0;
    %jmp T_0.1;
T_0.0 ;
    %load/vec4 v0x56a56e684480_0;
    %assign/vec4 v0x56a56e684560_0, 0;
T_0.1 ;
    %jmp T_0;
    .thread T_0;
    .scope S_0x56a56e673340;
T_1 ;
    %pushi/vec4 1, 0, 1;
    %store/vec4 v0x56a56e684f50_0, 0, 1;
    %end;
    .thread T_1;
    .scope S_0x56a56e673340;
T_2 ;
    %pushi/vec4 0, 0, 1;
    %store/vec4 v0x56a56e684ca0_0, 0, 1;
    %pushi/vec4 0, 0, 1;
    %store/vec4 v0x56a56e684f50_0, 0, 1;
    %delay 10, 0;
    %pushi/vec4 1, 0, 1;
    %store/vec4 v0x56a56e684f50_0, 0, 1;
T_2.0 ;
    %delay 5, 0;
    %load/vec4 v0x56a56e684ca0_0;
    %inv;
    %store/vec4 v0x56a56e684ca0_0, 0, 1;
    %jmp T_2.0;
    %end;
    .thread T_2;
    .scope S_0x56a56e673340;
T_3 ;
    %wait E_0x56a56e636ed0;
    %vpi_call 2 28 "$display", "PC: %h  %h", v0x56a56e684d70_0, v0x56a56e684e60_0 {0 0 0};
    %jmp T_3;
    .thread T_3;
# The file index is used to find the file name in the following table.
:file_names 4;
    "N/A";
    "<interactive>";
    "pcBench.v";
    "pc.v";
