#! /usr/bin/vvp
:ivl_version "12.0 (stable)";
:ivl_delay_selection "TYPICAL";
:vpi_time_precision + 0;
:vpi_module "/usr/lib/x86_64-linux-gnu/ivl/system.vpi";
:vpi_module "/usr/lib/x86_64-linux-gnu/ivl/vhdl_sys.vpi";
:vpi_module "/usr/lib/x86_64-linux-gnu/ivl/vhdl_textio.vpi";
:vpi_module "/usr/lib/x86_64-linux-gnu/ivl/v2005_math.vpi";
:vpi_module "/usr/lib/x86_64-linux-gnu/ivl/va_math.vpi";
S_0x5d362364a490 .scope module, "bench" "bench" 2 1;
 .timescale 0 0;
v0x5d3623697cb0_0 .var "CLK", 0 0;
v0x5d3623697d70_0 .net "LEDS", 4 0, L_0x5d36236981c0;  1 drivers
L_0x7ef944986018 .functor BUFT 1, C4<0>, C4<0>, C4<0>, C4<0>;
v0x5d3623697e10_0 .net "RESET", 0 0, L_0x7ef944986018;  1 drivers
v0x5d3623697f10_0 .var "RXD", 0 0;
L_0x7ef944986060 .functor BUFT 1, C4<0>, C4<0>, C4<0>, C4<0>;
v0x5d3623697fe0_0 .net "TXD", 0 0, L_0x7ef944986060;  1 drivers
v0x5d36236980d0_0 .var "prev_LEDS", 4 0;
S_0x5d362364a620 .scope module, "uut" "SOC" 2 8, 3 1 0, S_0x5d362364a490;
 .timescale 0 0;
    .port_info 0 /INPUT 1 "CLK";
    .port_info 1 /INPUT 1 "RESET";
    .port_info 2 /OUTPUT 5 "LEDS";
    .port_info 3 /INPUT 1 "RXD";
    .port_info 4 /OUTPUT 1 "TXD";
L_0x5d36236981c0 .functor BUFZ 5, v0x5d3623697b30_0, C4<00000>, C4<00000>, C4<00000>;
v0x5d362364a800_0 .net "CLK", 0 0, v0x5d3623697cb0_0;  1 drivers
v0x5d36236977e0_0 .net "LEDS", 4 0, L_0x5d36236981c0;  alias, 1 drivers
v0x5d36236978c0_0 .net "RESET", 0 0, L_0x7ef944986018;  alias, 1 drivers
v0x5d3623697960_0 .net "RXD", 0 0, v0x5d3623697f10_0;  1 drivers
v0x5d3623697a20_0 .net "TXD", 0 0, L_0x7ef944986060;  alias, 1 drivers
v0x5d3623697b30_0 .var "count", 4 0;
E_0x5d3623685d40 .event posedge, v0x5d362364a800_0;
    .scope S_0x5d362364a620;
T_0 ;
    %pushi/vec4 0, 0, 5;
    %store/vec4 v0x5d3623697b30_0, 0, 5;
    %end;
    .thread T_0;
    .scope S_0x5d362364a620;
T_1 ;
    %wait E_0x5d3623685d40;
    %load/vec4 v0x5d3623697b30_0;
    %addi 1, 0, 5;
    %assign/vec4 v0x5d3623697b30_0, 0;
    %jmp T_1;
    .thread T_1;
    .scope S_0x5d362364a490;
T_2 ;
    %pushi/vec4 0, 0, 1;
    %store/vec4 v0x5d3623697f10_0, 0, 1;
    %pushi/vec4 0, 0, 5;
    %store/vec4 v0x5d36236980d0_0, 0, 5;
    %end;
    .thread T_2;
    .scope S_0x5d362364a490;
T_3 ;
    %pushi/vec4 0, 0, 1;
    %store/vec4 v0x5d3623697cb0_0, 0, 1;
T_3.0 ;
    %delay 1, 0;
    %load/vec4 v0x5d3623697cb0_0;
    %inv;
    %store/vec4 v0x5d3623697cb0_0, 0, 1;
    %load/vec4 v0x5d3623697d70_0;
    %load/vec4 v0x5d36236980d0_0;
    %cmp/ne;
    %jmp/0xz  T_3.1, 4;
    %vpi_call 2 22 "$display", "LEDS = %b", v0x5d3623697d70_0 {0 0 0};
T_3.1 ;
    %load/vec4 v0x5d3623697d70_0;
    %assign/vec4 v0x5d36236980d0_0, 0;
    %jmp T_3.0;
    %end;
    .thread T_3;
# The file index is used to find the file name in the following table.
:file_names 4;
    "N/A";
    "<interactive>";
    "blinkyBench.v";
    "blinky.v";
